已經開始建置於 2015/5/29 下午 10:07:46。
     1>節點 2 (build 目標) 上的專案 "C:\Users\ChihMin\Desktop\Computer_graphics\CG_HW4\CG_HW4\CG_HW4\CG_HW4.vcxproj"。
       專案檔包含 ToolsVersion="12.0"。這個工具組可能未知或遺漏，在此情況下，您可以安裝適當的 MSBuild 版本，否則由於原則的緣故，組建將會強制為特定的 ToolsVersion。專案將被視為包含 ToolsVersion="4.0"。詳細資訊請參閱 http://go.microsoft.com/fwlink/?LinkId=291333。
     1>InitializeBuildStatus:
         由於指定了 "AlwaysCreate"，因此正在建立 "Debug\CG_HW4_framework.unsuccessfulbuild"。
       ClCompile:
         C:\Program Files (x86)\Microsoft Visual Studio 10.0\VC\bin\CL.exe /c /IC:\Users\ChihMin\Desktop\Computer_graphics\CG_HW4\CG_HW4\\..\include\ /ZI /nologo /W3 /WX- /Od /Oy- /D WIN32 /D _DEBUG /D _CONSOLE /D _UNICODE /D UNICODE /Gm /EHsc /RTC1 /MDd /GS /fp:precise /Zc:wchar_t /Zc:forScope /Fo"Debug\\" /Fd"Debug\vc100.pdb" /Gd /TP /analyze- /errorReport:prompt main.cpp
         main.cpp
     1>c:\users\chihmin\desktop\computer_graphics\cg_hw4\cg_hw4\cg_hw4\main.cpp(925): warning C4305: '-=' : 從 'double' 轉換為 'GLfloat'，是由較大的型別轉換為較小的型別，可能導致資料遺失
     1>c:\users\chihmin\desktop\computer_graphics\cg_hw4\cg_hw4\cg_hw4\main.cpp(929): warning C4305: '+=' : 從 'double' 轉換為 'GLfloat'，是由較大的型別轉換為較小的型別，可能導致資料遺失
     1>c:\users\chihmin\desktop\computer_graphics\cg_hw4\cg_hw4\cg_hw4\main.cpp(1094): warning C4305: '-=' : 從 'double' 轉換為 'GLfloat'，是由較大的型別轉換為較小的型別，可能導致資料遺失
     1>c:\users\chihmin\desktop\computer_graphics\cg_hw4\cg_hw4\cg_hw4\main.cpp(1097): warning C4305: '+=' : 從 'double' 轉換為 'GLfloat'，是由較大的型別轉換為較小的型別，可能導致資料遺失
     1>c:\users\chihmin\desktop\computer_graphics\cg_hw4\cg_hw4\cg_hw4\main.cpp(1100): warning C4305: '+=' : 從 'double' 轉換為 'GLfloat'，是由較大的型別轉換為較小的型別，可能導致資料遺失
     1>c:\users\chihmin\desktop\computer_graphics\cg_hw4\cg_hw4\cg_hw4\main.cpp(1103): warning C4305: '-=' : 從 'double' 轉換為 'GLfloat'，是由較大的型別轉換為較小的型別，可能導致資料遺失
       Link:
         C:\Program Files (x86)\Microsoft Visual Studio 10.0\VC\bin\link.exe /ERRORREPORT:PROMPT /OUT:"C:\Users\ChihMin\Desktop\Computer_graphics\CG_HW4\CG_HW4\Debug\CG_HW4_framework.exe" /INCREMENTAL /NOLOGO /LIBPATH:C:\Users\ChihMin\Desktop\Computer_graphics\CG_HW4\CG_HW4\\..\lib\ glew32.lib freeglut.lib /MANIFEST /ManifestFile:"Debug\CG_HW4_framework.exe.intermediate.manifest" /MANIFESTUAC:"level='asInvoker' uiAccess='false'" /DEBUG /PDB:"C:\Users\ChihMin\Desktop\Computer_graphics\CG_HW4\CG_HW4\Debug\CG_HW4_framework.pdb" /SUBSYSTEM:CONSOLE /TLBID:1 /DYNAMICBASE /NXCOMPAT /IMPLIB:"C:\Users\ChihMin\Desktop\Computer_graphics\CG_HW4\CG_HW4\Debug\CG_HW4_framework.lib" /MACHINE:X86 Debug\glm.obj
         Debug\main.obj
         Debug\Matrices.obj
         Debug\textfile.obj
         CG_HW4.vcxproj -> C:\Users\ChihMin\Desktop\Computer_graphics\CG_HW4\CG_HW4\Debug\CG_HW4_framework.exe
       Manifest:
         C:\Program Files (x86)\Microsoft SDKs\Windows\v7.0A\bin\mt.exe /nologo /verbose /out:"C:\Users\ChihMin\Desktop\Computer_graphics\CG_HW4\CG_HW4\Debug\CG_HW4_framework.exe.manifest" /manifest Debug\CG_HW4_framework.exe.intermediate.manifest
       FinalizeBuildStatus:
         正在刪除檔案 "Debug\CG_HW4_framework.unsuccessfulbuild"。
         正在變更時間戳記 "Debug\CG_HW4_framework.lastbuildstate"。
     1>專案 "C:\Users\ChihMin\Desktop\Computer_graphics\CG_HW4\CG_HW4\CG_HW4\CG_HW4.vcxproj" (build 目標) 建置完成。

建置成功。

經過時間 00:00:00.91
