C:\USERS\CHIHMIN\DESKTOP\COMPUTER_GRAPHICS\CG_HW2\CG_HW2\CG_HW2\DEBUG\CG_HW2.EXE.INTERMEDIATE.MANIFEST
C:\Users\ChihMin\Desktop\Computer_graphics\CG_HW2\CG_HW2\CG_HW2\Debug\CG_HW2.vcxprojResolveAssemblyReference.cache
C:\Users\ChihMin\Desktop\Computer_graphics\CG_HW2\CG_HW2\CG_HW2\Debug\CG_HW2.write.1.tlog
C:\Users\ChihMin\Desktop\Computer_graphics\CG_HW2\CG_HW2\CG_HW2\Debug\cl.command.1.tlog
C:\Users\ChihMin\Desktop\Computer_graphics\CG_HW2\CG_HW2\CG_HW2\Debug\CL.read.1.tlog
C:\Users\ChihMin\Desktop\Computer_graphics\CG_HW2\CG_HW2\CG_HW2\Debug\CL.write.1.tlog
C:\USERS\CHIHMIN\DESKTOP\COMPUTER_GRAPHICS\CG_HW2\CG_HW2\CG_HW2\DEBUG\GLM.OBJ
C:\Users\ChihMin\Desktop\Computer_graphics\CG_HW2\CG_HW2\CG_HW2\Debug\link.1604.read.1.tlog
C:\Users\ChihMin\Desktop\Computer_graphics\CG_HW2\CG_HW2\CG_HW2\Debug\link.1604.write.1.tlog
C:\Users\ChihMin\Desktop\Computer_graphics\CG_HW2\CG_HW2\CG_HW2\Debug\link.2280.read.1.tlog
C:\Users\ChihMin\Desktop\Computer_graphics\CG_HW2\CG_HW2\CG_HW2\Debug\link.2280.write.1.tlog
C:\Users\ChihMin\Desktop\Computer_graphics\CG_HW2\CG_HW2\CG_HW2\Debug\link.2380.read.1.tlog
C:\Users\ChihMin\Desktop\Computer_graphics\CG_HW2\CG_HW2\CG_HW2\Debug\link.2380.write.1.tlog
C:\Users\ChihMin\Desktop\Computer_graphics\CG_HW2\CG_HW2\CG_HW2\Debug\link.2508.read.1.tlog
C:\Users\ChihMin\Desktop\Computer_graphics\CG_HW2\CG_HW2\CG_HW2\Debug\link.2508.write.1.tlog
C:\Users\ChihMin\Desktop\Computer_graphics\CG_HW2\CG_HW2\CG_HW2\Debug\link.2552.read.1.tlog
C:\Users\ChihMin\Desktop\Computer_graphics\CG_HW2\CG_HW2\CG_HW2\Debug\link.2552.write.1.tlog
C:\Users\ChihMin\Desktop\Computer_graphics\CG_HW2\CG_HW2\CG_HW2\Debug\link.2720.read.1.tlog
C:\Users\ChihMin\Desktop\Computer_graphics\CG_HW2\CG_HW2\CG_HW2\Debug\link.2720.write.1.tlog
C:\Users\ChihMin\Desktop\Computer_graphics\CG_HW2\CG_HW2\CG_HW2\Debug\link.3584.read.1.tlog
C:\Users\ChihMin\Desktop\Computer_graphics\CG_HW2\CG_HW2\CG_HW2\Debug\link.3584.write.1.tlog
C:\Users\ChihMin\Desktop\Computer_graphics\CG_HW2\CG_HW2\CG_HW2\Debug\link.3616.read.1.tlog
C:\Users\ChihMin\Desktop\Computer_graphics\CG_HW2\CG_HW2\CG_HW2\Debug\link.3616.write.1.tlog
C:\Users\ChihMin\Desktop\Computer_graphics\CG_HW2\CG_HW2\CG_HW2\Debug\link.3832.read.1.tlog
C:\Users\ChihMin\Desktop\Computer_graphics\CG_HW2\CG_HW2\CG_HW2\Debug\link.3832.write.1.tlog
C:\Users\ChihMin\Desktop\Computer_graphics\CG_HW2\CG_HW2\CG_HW2\Debug\link.4692.read.1.tlog
C:\Users\ChihMin\Desktop\Computer_graphics\CG_HW2\CG_HW2\CG_HW2\Debug\link.4692.write.1.tlog
C:\Users\ChihMin\Desktop\Computer_graphics\CG_HW2\CG_HW2\CG_HW2\Debug\link.5440.read.1.tlog
C:\Users\ChihMin\Desktop\Computer_graphics\CG_HW2\CG_HW2\CG_HW2\Debug\link.5440.write.1.tlog
C:\Users\ChihMin\Desktop\Computer_graphics\CG_HW2\CG_HW2\CG_HW2\Debug\link.6776.read.1.tlog
C:\Users\ChihMin\Desktop\Computer_graphics\CG_HW2\CG_HW2\CG_HW2\Debug\link.6776.write.1.tlog
C:\Users\ChihMin\Desktop\Computer_graphics\CG_HW2\CG_HW2\CG_HW2\Debug\link.7092.read.1.tlog
C:\Users\ChihMin\Desktop\Computer_graphics\CG_HW2\CG_HW2\CG_HW2\Debug\link.7092.write.1.tlog
C:\Users\ChihMin\Desktop\Computer_graphics\CG_HW2\CG_HW2\CG_HW2\Debug\link.command.1.tlog
C:\Users\ChihMin\Desktop\Computer_graphics\CG_HW2\CG_HW2\CG_HW2\Debug\link.read.1.tlog
C:\Users\ChihMin\Desktop\Computer_graphics\CG_HW2\CG_HW2\CG_HW2\Debug\link.write.1.tlog
C:\USERS\CHIHMIN\DESKTOP\COMPUTER_GRAPHICS\CG_HW2\CG_HW2\CG_HW2\DEBUG\MAIN.OBJ
C:\Users\ChihMin\Desktop\Computer_graphics\CG_HW2\CG_HW2\CG_HW2\Debug\mt.command.1.tlog
C:\Users\ChihMin\Desktop\Computer_graphics\CG_HW2\CG_HW2\CG_HW2\Debug\mt.read.1.tlog
C:\Users\ChihMin\Desktop\Computer_graphics\CG_HW2\CG_HW2\CG_HW2\Debug\mt.write.1.tlog
C:\USERS\CHIHMIN\DESKTOP\COMPUTER_GRAPHICS\CG_HW2\CG_HW2\CG_HW2\DEBUG\PROJECTION.OBJ
C:\USERS\CHIHMIN\DESKTOP\COMPUTER_GRAPHICS\CG_HW2\CG_HW2\CG_HW2\DEBUG\TEXTFILE.OBJ
C:\USERS\CHIHMIN\DESKTOP\COMPUTER_GRAPHICS\CG_HW2\CG_HW2\CG_HW2\DEBUG\TRANSFORM.OBJ
C:\Users\ChihMin\Desktop\Computer_graphics\CG_HW2\CG_HW2\CG_HW2\Debug\vc100.idb
C:\USERS\CHIHMIN\DESKTOP\COMPUTER_GRAPHICS\CG_HW2\CG_HW2\CG_HW2\DEBUG\VC100.PDB
C:\USERS\CHIHMIN\DESKTOP\COMPUTER_GRAPHICS\CG_HW2\CG_HW2\CG_HW2\DEBUG\VIEWING.OBJ
C:\USERS\CHIHMIN\DESKTOP\COMPUTER_GRAPHICS\CG_HW2\CG_HW2\DEBUG\CG_HW2.EXE
C:\USERS\CHIHMIN\DESKTOP\COMPUTER_GRAPHICS\CG_HW2\CG_HW2\DEBUG\CG_HW2.EXE.MANIFEST
C:\USERS\CHIHMIN\DESKTOP\COMPUTER_GRAPHICS\CG_HW2\CG_HW2\DEBUG\CG_HW2.ILK
C:\USERS\CHIHMIN\DESKTOP\COMPUTER_GRAPHICS\CG_HW2\CG_HW2\DEBUG\CG_HW2.PDB
