已經開始建置於 2015/5/13 下午 04:05:40。
     1>節點 2 (build 目標) 上的專案 "C:\Users\ChihMin\Desktop\Computer_graphics\CG_HW3\CG_HW1\CG_HW1\CG_HW1.vcxproj"。
     1>InitializeBuildStatus:
         由於指定了 "AlwaysCreate"，因此正在建立 "Debug\CG_HW1.unsuccessfulbuild"。
       ClCompile:
         所有輸出都是最新的。
         C:\Program Files (x86)\Microsoft Visual Studio 10.0\VC\bin\CL.exe /c /IC:\Users\ChihMin\Desktop\Computer_graphics\CG_HW3\CG_HW1\CG_HW1\\..\..\include /ZI /nologo /W3 /WX- /Od /Oy- /D WIN32 /D _DEBUG /D _CONSOLE /D _UNICODE /D UNICODE /Gm /EHsc /RTC1 /MDd /GS /fp:precise /Zc:wchar_t /Zc:forScope /Fo"Debug\\" /Fd"Debug\vc100.pdb" /Gd /TP /analyze- /errorReport:prompt main.cpp
         main.cpp
     1>c:\users\chihmin\desktop\computer_graphics\cg_hw3\cg_hw1\cg_hw1\main.cpp(60): warning C4305: '正在初始化' : 從 'double' 轉換為 'GLfloat'，是由較大的型別轉換為較小的型別，可能導致資料遺失
     1>c:\users\chihmin\desktop\computer_graphics\cg_hw3\cg_hw1\cg_hw1\main.cpp(304): warning C4101: 'vx' : 未參考的區域變數
     1>c:\users\chihmin\desktop\computer_graphics\cg_hw3\cg_hw1\cg_hw1\main.cpp(343): warning C4101: 'c3' : 未參考的區域變數
     1>c:\users\chihmin\desktop\computer_graphics\cg_hw3\cg_hw1\cg_hw1\main.cpp(304): warning C4101: 'vz' : 未參考的區域變數
     1>c:\users\chihmin\desktop\computer_graphics\cg_hw3\cg_hw1\cg_hw1\main.cpp(304): warning C4101: 'vy' : 未參考的區域變數
     1>c:\users\chihmin\desktop\computer_graphics\cg_hw3\cg_hw1\cg_hw1\main.cpp(343): warning C4101: 'c1' : 未參考的區域變數
     1>c:\users\chihmin\desktop\computer_graphics\cg_hw3\cg_hw1\cg_hw1\main.cpp(343): warning C4101: 'c2' : 未參考的區域變數
     1>c:\users\chihmin\desktop\computer_graphics\cg_hw3\cg_hw1\cg_hw1\main.cpp(620): warning C4800: 'int' : 強制將 bool 的值定為 'true' 或 'false' (效能警告)
     1>c:\users\chihmin\desktop\computer_graphics\cg_hw3\cg_hw1\cg_hw1\main.cpp(660): warning C4305: '=' : 從 'double' 轉換為 'GLfloat'，是由較大的型別轉換為較小的型別，可能導致資料遺失
     1>c:\users\chihmin\desktop\computer_graphics\cg_hw3\cg_hw1\cg_hw1\main.cpp(664): warning C4305: '-=' : 從 'double' 轉換為 'GLfloat'，是由較大的型別轉換為較小的型別，可能導致資料遺失
     1>c:\users\chihmin\desktop\computer_graphics\cg_hw3\cg_hw1\cg_hw1\main.cpp(668): warning C4305: '+=' : 從 'double' 轉換為 'GLfloat'，是由較大的型別轉換為較小的型別，可能導致資料遺失
     1>c:\users\chihmin\desktop\computer_graphics\cg_hw3\cg_hw1\cg_hw1\main.cpp(694): warning C4305: '-=' : 從 'double' 轉換為 'GLfloat'，是由較大的型別轉換為較小的型別，可能導致資料遺失
     1>c:\users\chihmin\desktop\computer_graphics\cg_hw3\cg_hw1\cg_hw1\main.cpp(697): warning C4305: '+=' : 從 'double' 轉換為 'GLfloat'，是由較大的型別轉換為較小的型別，可能導致資料遺失
     1>c:\users\chihmin\desktop\computer_graphics\cg_hw3\cg_hw1\cg_hw1\main.cpp(700): warning C4305: '+=' : 從 'double' 轉換為 'GLfloat'，是由較大的型別轉換為較小的型別，可能導致資料遺失
     1>c:\users\chihmin\desktop\computer_graphics\cg_hw3\cg_hw1\cg_hw1\main.cpp(703): warning C4305: '-=' : 從 'double' 轉換為 'GLfloat'，是由較大的型別轉換為較小的型別，可能導致資料遺失
       Link:
         C:\Program Files (x86)\Microsoft Visual Studio 10.0\VC\bin\link.exe /ERRORREPORT:PROMPT /OUT:"C:\Users\ChihMin\Desktop\Computer_graphics\CG_HW3\CG_HW1\Debug\CG_HW1.exe" /INCREMENTAL /NOLOGO /LIBPATH:C:\Users\ChihMin\Desktop\Computer_graphics\CG_HW3\CG_HW1\CG_HW1\\..\..\lib glew32.lib freeglut.lib kernel32.lib user32.lib gdi32.lib winspool.lib comdlg32.lib advapi32.lib shell32.lib ole32.lib oleaut32.lib uuid.lib odbc32.lib odbccp32.lib /MANIFEST /ManifestFile:"Debug\CG_HW1.exe.intermediate.manifest" /MANIFESTUAC:"level='asInvoker' uiAccess='false'" /DEBUG /PDB:"C:\Users\ChihMin\Desktop\Computer_graphics\CG_HW3\CG_HW1\Debug\CG_HW1.pdb" /SUBSYSTEM:CONSOLE /TLBID:1 /DYNAMICBASE /NXCOMPAT /IMPLIB:"C:\Users\ChihMin\Desktop\Computer_graphics\CG_HW3\CG_HW1\Debug\CG_HW1.lib" /MACHINE:X86 Debug\glm.obj
         Debug\main.obj
         Debug\textfile.obj
         CG_HW1.vcxproj -> C:\Users\ChihMin\Desktop\Computer_graphics\CG_HW3\CG_HW1\Debug\CG_HW1.exe
       Manifest:
         C:\Program Files (x86)\Microsoft SDKs\Windows\v7.0A\bin\mt.exe /nologo /verbose /out:"C:\Users\ChihMin\Desktop\Computer_graphics\CG_HW3\CG_HW1\Debug\CG_HW1.exe.manifest" /manifest Debug\CG_HW1.exe.intermediate.manifest
       FinalizeBuildStatus:
         正在刪除檔案 "Debug\CG_HW1.unsuccessfulbuild"。
         正在變更時間戳記 "Debug\CG_HW1.lastbuildstate"。
     1>專案 "C:\Users\ChihMin\Desktop\Computer_graphics\CG_HW3\CG_HW1\CG_HW1\CG_HW1.vcxproj" (build 目標) 建置完成。

建置成功。

經過時間 00:00:02.22
