已經開始建置於 2015/4/19 下午 03:13:07。
     1>節點 2 (build 目標) 上的專案 "C:\Users\ChihMin\Desktop\Computer_graphics\CG_HW1\CG_HW1\CG_HW1\CG_HW1\CG_HW1\CG_HW1.vcxproj"。
     1>InitializeBuildStatus:
         由於指定了 "AlwaysCreate"，因此正在建立 "Debug\CG_HW1.unsuccessfulbuild"。
       ClCompile:
         所有輸出都是最新的。
         所有輸出都是最新的。
       Link:
         所有輸出都是最新的。
         C:\Program Files (x86)\Microsoft Visual Studio 10.0\VC\bin\link.exe /ERRORREPORT:PROMPT /OUT:"C:\Users\ChihMin\Desktop\Computer_graphics\CG_HW1\CG_HW1\CG_HW1\CG_HW1\Debug\CG_HW1.exe" /INCREMENTAL /NOLOGO /LIBPATH:C:\Users\ChihMin\Desktop\Computer_graphics\CG_HW1\CG_HW1\CG_HW1\CG_HW1\CG_HW1\\..\..\lib glew32.lib freeglut.lib kernel32.lib user32.lib gdi32.lib winspool.lib comdlg32.lib advapi32.lib shell32.lib ole32.lib oleaut32.lib uuid.lib odbc32.lib odbccp32.lib /MANIFEST /ManifestFile:"Debug\CG_HW1.exe.intermediate.manifest" /MANIFESTUAC:"level='asInvoker' uiAccess='false'" /DEBUG /PDB:"C:\Users\ChihMin\Desktop\Computer_graphics\CG_HW1\CG_HW1\CG_HW1\CG_HW1\Debug\CG_HW1.pdb" /SUBSYSTEM:CONSOLE /TLBID:1 /DYNAMICBASE /NXCOMPAT /IMPLIB:"C:\Users\ChihMin\Desktop\Computer_graphics\CG_HW1\CG_HW1\CG_HW1\CG_HW1\Debug\CG_HW1.lib" /MACHINE:X86 Debug\glm.obj
         Debug\main.obj
         Debug\textfile.obj
         LINK : 最後的累加連結找不到或未建置 C:\Users\ChihMin\Desktop\Computer_graphics\CG_HW1\CG_HW1\CG_HW1\CG_HW1\Debug\CG_HW1.exe，正在執行完整連結
         CG_HW1.vcxproj -> C:\Users\ChihMin\Desktop\Computer_graphics\CG_HW1\CG_HW1\CG_HW1\CG_HW1\Debug\CG_HW1.exe
       Manifest:
         C:\Program Files (x86)\Microsoft SDKs\Windows\v7.0A\bin\mt.exe /nologo /verbose /out:"C:\Users\ChihMin\Desktop\Computer_graphics\CG_HW1\CG_HW1\CG_HW1\CG_HW1\Debug\CG_HW1.exe.manifest" /manifest Debug\CG_HW1.exe.intermediate.manifest
       FinalizeBuildStatus:
         正在刪除檔案 "Debug\CG_HW1.unsuccessfulbuild"。
         正在變更時間戳記 "Debug\CG_HW1.lastbuildstate"。
     1>專案 "C:\Users\ChihMin\Desktop\Computer_graphics\CG_HW1\CG_HW1\CG_HW1\CG_HW1\CG_HW1\CG_HW1.vcxproj" (build 目標) 建置完成。

建置成功。

經過時間 00:00:00.37
